2024-07-02 05:46:40,051 ib_async.client INFO Connecting to 192.168.1.82:4001 with clientId 916...
2024-07-02 05:46:40,062 ib_async.client INFO Connected
2024-07-02 05:46:40,069 ib_async.client INFO Logged on to server version 178
2024-07-02 05:46:40,081 ib_async.wrapper INFO Warning 2104, reqId -1: Market data farm connection is OK:usfuture
2024-07-02 05:46:40,081 ib_async.wrapper INFO Warning 2104, reqId -1: Market data farm connection is OK:usfarm
2024-07-02 05:46:40,081 ib_async.wrapper INFO Warning 2107, reqId -1: HMDS data farm connection is inactive but should be available upon demand.ushmds
2024-07-02 05:46:40,081 ib_async.wrapper INFO Warning 2158, reqId -1: Sec-def data farm connection is OK:secdefil
2024-07-02 05:46:40,081 ib_async.client INFO API connection ready
2024-07-02 05:46:40,141 ib_async.wrapper INFO position: Position(account='U2340948', contract=Stock(conId=4762, symbol='BA', exchange='NYSE', currency='USD', localSymbol='BA', tradingClass='BA'), position=254.0, avgCost=203.21112205)
2024-07-02 05:46:40,147 ib_async.wrapper INFO position: Position(account='U10394496', contract=Future(conId=637533450, symbol='NQ', lastTradeDateOrContractMonth='20240920', multiplier='20', currency='USD', localSymbol='NQU4', tradingClass='NQ'), position=2.0, avgCost=399903.45)
2024-07-02 05:46:40,147 ib_async.wrapper INFO position: Position(account='U10394496', contract=Option(conId=682674010, symbol='AAPL', lastTradeDateOrContractMonth='20241018', strike=150.0, right='P', multiplier='100', currency='USD', localSymbol='AAPL  241018P00150000', tradingClass='AAPL'), position=4.0, avgCost=182.19685)
2024-07-02 05:46:40,148 ib_async.wrapper INFO position: Position(account='U10394496', contract=Option(conId=657576926, symbol='QQQ', lastTradeDateOrContractMonth='20240930', strike=376.78, right='P', multiplier='100', currency='USD', localSymbol='QQQ   240930P00376780', tradingClass='QQQ'), position=1.0, avgCost=501.0369)
2024-07-02 05:46:40,148 ib_async.wrapper INFO position: Position(account='U10394496', contract=Option(conId=669333316, symbol='NVDA', lastTradeDateOrContractMonth='20240719', strike=55.5, right='P', multiplier='100', currency='USD', localSymbol='NVDA  240719P00055500', tradingClass='NVDA'), position=20.0, avgCost=34.94231)
2024-07-02 05:46:40,148 ib_async.wrapper INFO position: Position(account='U10394496', contract=Contract(conId=702747654), position=0.0, avgCost=0.0)
2024-07-02 05:46:40,148 ib_async.wrapper INFO position: Position(account='U10394496', contract=Option(conId=613471094, symbol='GOOGL', lastTradeDateOrContractMonth='20240920', strike=120.0, right='P', multiplier='100', currency='USD', localSymbol='GOOGL 240920P00120000', tradingClass='GOOGL'), position=10.0, avgCost=51.44685)
2024-07-02 05:46:40,148 ib_async.wrapper INFO position: Position(account='U10394496', contract=Option(conId=699061747, symbol='NVDA', lastTradeDateOrContractMonth='20240719', strike=85.5, right='P', multiplier='100', currency='USD', localSymbol='NVDA  240719P00085500', tradingClass='NVDA'), position=10.0, avgCost=59.30469)
2024-07-02 05:46:40,148 ib_async.wrapper INFO position: Position(account='U10394496', contract=Contract(conId=702747646), position=0.0, avgCost=0.0)
2024-07-02 05:46:40,148 ib_async.wrapper INFO position: Position(account='U2340948', contract=Stock(conId=47486780, symbol='EDV', exchange='ARCA', currency='USD', localSymbol='EDV', tradingClass='EDV'), position=650.0, avgCost=77.7080769)
2024-07-02 05:46:40,148 ib_async.wrapper INFO position: Position(account='U10394496', contract=Option(conId=642744523, symbol='NVDA', lastTradeDateOrContractMonth='20240920', strike=51.0, right='P', multiplier='100', currency='USD', localSymbol='NVDA  240920P00051000', tradingClass='NVDA'), position=10.0, avgCost=50.10369)
2024-07-02 05:46:40,148 ib_async.wrapper INFO position: Position(account='U10394496', contract=Option(conId=682677111, symbol='AMZN', lastTradeDateOrContractMonth='20241018', strike=130.0, right='P', multiplier='100', currency='USD', localSymbol='AMZN  241018P00130000', tradingClass='AMZN'), position=4.0, avgCost=115.68685)
2024-07-02 05:46:40,148 ib_async.wrapper INFO position: Position(account='U2340948', contract=Stock(conId=229726228, symbol='RSX', exchange='VALUE', currency='USD', localSymbol='RSX', tradingClass='RSX'), position=100.0, avgCost=6.889977)
2024-07-02 05:46:40,373 ib_async.wrapper INFO execDetails Execution(execId='0000d94c.668330b1.01.01', time=datetime.datetime(2024, 7, 2, 5, 28, 13, tzinfo=datetime.timezone.utc), acctNumber='U10394496', exchange='CME', side='SLD', shares=1.0, price=19991.0, permId=1765578633, clientId=180, orderId=258, liquidation=0, cumQty=1.0, avgPrice=19991.0, orderRef='', evRule='', evMultiplier=0.0, modelCode='', lastLiquidity=1, pendingPriceRevision=False)
2024-07-02 05:46:40,382 ib_async.wrapper INFO execDetails Execution(execId='0000d94c.668330cd.01.01', time=datetime.datetime(2024, 7, 2, 5, 31, 7, tzinfo=datetime.timezone.utc), acctNumber='U10394496', exchange='CME', side='BOT', shares=1.0, price=19993.5, permId=429685850, clientId=515, orderId=251, liquidation=0, cumQty=1.0, avgPrice=19993.5, orderRef='', evRule='', evMultiplier=0.0, modelCode='', lastLiquidity=1, pendingPriceRevision=False)
2024-07-02 05:46:40,382 ib_async.wrapper INFO execDetails Execution(execId='0000d94c.668330e1.01.01', time=datetime.datetime(2024, 7, 2, 5, 34, 55, tzinfo=datetime.timezone.utc), acctNumber='U10394496', exchange='CME', side='SLD', shares=1.0, price=19996.0, permId=429685852, clientId=515, orderId=252, liquidation=0, cumQty=1.0, avgPrice=19996.0, orderRef='', evRule='', evMultiplier=0.0, modelCode='', lastLiquidity=1, pendingPriceRevision=False)
2024-07-02 05:46:40,383 ib_async.wrapper INFO execDetails Execution(execId='0000d94c.668330f7.01.01', time=datetime.datetime(2024, 7, 2, 5, 36, 10, tzinfo=datetime.timezone.utc), acctNumber='U10394496', exchange='CME', side='BOT', shares=1.0, price=19994.0, permId=429685855, clientId=515, orderId=254, liquidation=0, cumQty=1.0, avgPrice=19994.0, orderRef='', evRule='', evMultiplier=0.0, modelCode='', lastLiquidity=1, pendingPriceRevision=False)
2024-07-02 05:46:40,383 ib_async.wrapper INFO execDetails Execution(execId='0000d94c.66833108.01.01', time=datetime.datetime(2024, 7, 2, 5, 39, 57, tzinfo=datetime.timezone.utc), acctNumber='U10394496', exchange='CME', side='SLD', shares=1.0, price=19996.5, permId=429685856, clientId=515, orderId=255, liquidation=0, cumQty=1.0, avgPrice=19996.5, orderRef='', evRule='', evMultiplier=0.0, modelCode='', lastLiquidity=1, pendingPriceRevision=False)
2024-07-02 05:46:40,383 ib_async.wrapper INFO execDetails Execution(execId='0000d94c.66833276.01.01', time=datetime.datetime(2024, 7, 2, 6, 15, 50, tzinfo=datetime.timezone.utc), acctNumber='U10394496', exchange='CME', side='BOT', shares=1.0, price=19998.75, permId=429685859, clientId=515, orderId=257, liquidation=0, cumQty=1.0, avgPrice=19998.75, orderRef='', evRule='', evMultiplier=0.0, modelCode='', lastLiquidity=1, pendingPriceRevision=False)
2024-07-02 05:46:40,383 ib_async.wrapper INFO commissionReport: CommissionReport(execId='0000d94c.668330b1.01.01', commission=2.2, currency='USD', realizedPNL=135.6, yield_=0.0, yieldRedemptionDate=0)
2024-07-02 05:46:40,383 ib_async.wrapper INFO commissionReport: CommissionReport(execId='0000d94c.668330cd.01.01', commission=2.2, currency='USD', realizedPNL=0.0, yield_=0.0, yieldRedemptionDate=0)
2024-07-02 05:46:40,383 ib_async.wrapper INFO commissionReport: CommissionReport(execId='0000d94c.668330e1.01.01', commission=2.2, currency='USD', realizedPNL=140.6, yield_=0.0, yieldRedemptionDate=0)
2024-07-02 05:46:40,383 ib_async.wrapper INFO commissionReport: CommissionReport(execId='0000d94c.668330f7.01.01', commission=2.2, currency='USD', realizedPNL=0.0, yield_=0.0, yieldRedemptionDate=0)
2024-07-02 05:46:40,383 ib_async.wrapper INFO commissionReport: CommissionReport(execId='0000d94c.66833108.01.01', commission=2.2, currency='USD', realizedPNL=98.1, yield_=0.0, yieldRedemptionDate=0)
2024-07-02 05:46:40,383 ib_async.wrapper INFO commissionReport: CommissionReport(execId='0000d94c.66833276.01.01', commission=2.2, currency='USD', realizedPNL=0.0, yield_=0.0, yieldRedemptionDate=0)
2024-07-02 05:46:40,383 ib_async.ib INFO Synchronization complete
